<?xml version="1.0" encoding="UTF-8"?>
<!-- Generated by org.testng.reporters.JUnitXMLReporter -->
<testsuite ignored="2" hostname="KanishkaPrabhu" failures="0" tests="1" name="Default test" time="1.531" errors="0" timestamp="2024-03-20T22:46:40 EDT">
  <testcase classname="github.api.CRUD.Validation" name="validateGetALLRepos" time="1.127"/>
  <testcase classname="github.api.CRUD.Validation" name="validateNonSingleRepo" time="0.0">
    <ignored/>
  </testcase> <!-- validateNonSingleRepo -->
  <testcase classname="github.api.CRUD.Validation" name="validateSingleRepo" time="0.0">
    <ignored/>
  </testcase> <!-- validateSingleRepo -->
</testsuite> <!-- Default test -->
