<?xml version="1.0" encoding="UTF-8"?>
<testng-results ignored="2" total="3" passed="1" failed="0" skipped="0">
  <reporter-output>
  </reporter-output>
  <suite started-at="2024-03-20T22:46:38 EDT" name="Default suite" finished-at="2024-03-20T22:46:40 EDT" duration-ms="1531">
    <groups>
    </groups>
    <test started-at="2024-03-20T22:46:38 EDT" name="Default test" finished-at="2024-03-20T22:46:40 EDT" duration-ms="1531">
      <class name="github.api.CRUD.Validation">
        <test-method is-config="true" signature="beforeSuite()[pri:0, instance:github.api.CRUD.Validation@446293d]" started-at="2024-03-20T22:46:38 EDT" name="beforeSuite" finished-at="2024-03-20T22:46:38 EDT" duration-ms="26" status="PASS">
          <reporter-output>
          </reporter-output>
        </test-method> <!-- beforeSuite -->
        <test-method is-config="true" signature="beforeClass()[pri:0, instance:github.api.CRUD.Validation@446293d]" started-at="2024-03-20T22:46:38 EDT" name="beforeClass" finished-at="2024-03-20T22:46:39 EDT" duration-ms="390" status="PASS">
          <reporter-output>
          </reporter-output>
        </test-method> <!-- beforeClass -->
        <test-method signature="validateGetALLRepos()[pri:0, instance:github.api.CRUD.Validation@446293d]" started-at="2024-03-20T22:46:39 EDT" name="validateGetALLRepos" finished-at="2024-03-20T22:46:40 EDT" duration-ms="1127" status="PASS">
          <reporter-output>
          </reporter-output>
        </test-method> <!-- validateGetALLRepos -->
      </class> <!-- github.api.CRUD.Validation -->
    </test> <!-- Default test -->
  </suite> <!-- Default suite -->
</testng-results>
